2021-04-14 09:26:43.636  INFO   --- [           main] .b.t.c.SpringBootTestContextBootstrapper : Neither @ContextConfiguration nor @ContextHierarchy found for test class [de.hse.swt.microservice.MicroserviceApplicationTests], using SpringBootContextLoader
2021-04-14 09:26:43.646  INFO   --- [           main] o.s.t.c.support.AbstractContextLoader    : Could not detect default resource locations for test class [de.hse.swt.microservice.MicroserviceApplicationTests]: no resource found for suffixes {-context.xml, Context.groovy}.
2021-04-14 09:26:43.648  INFO   --- [           main] t.c.s.AnnotationConfigContextLoaderUtils : Could not detect default configuration classes for test class [de.hse.swt.microservice.MicroserviceApplicationTests]: MicroserviceApplicationTests does not declare any static, non-private, non-final, nested classes annotated with @Configuration.
2021-04-14 09:26:43.881  INFO   --- [           main] .b.t.c.SpringBootTestContextBootstrapper : Found @SpringBootConfiguration de.hse.swt.microservice.MicroserviceApplication for test class de.hse.swt.microservice.MicroserviceApplicationTests
2021-04-14 09:26:44.158  INFO   --- [           main] .b.t.c.SpringBootTestContextBootstrapper : Loaded default TestExecutionListener class names from location [META-INF/spring.factories]: [org.springframework.boot.test.mock.mockito.MockitoTestExecutionListener, org.springframework.boot.test.mock.mockito.ResetMocksTestExecutionListener, org.springframework.boot.test.autoconfigure.restdocs.RestDocsTestExecutionListener, org.springframework.boot.test.autoconfigure.web.client.MockRestServiceServerResetTestExecutionListener, org.springframework.boot.test.autoconfigure.web.servlet.MockMvcPrintOnlyOnFailureTestExecutionListener, org.springframework.boot.test.autoconfigure.web.servlet.WebDriverTestExecutionListener, org.springframework.boot.test.autoconfigure.webservices.client.MockWebServiceServerTestExecutionListener, org.springframework.test.context.web.ServletTestExecutionListener, org.springframework.test.context.support.DirtiesContextBeforeModesTestExecutionListener, org.springframework.test.context.event.ApplicationEventsTestExecutionListener, org.springframework.test.context.support.DependencyInjectionTestExecutionListener, org.springframework.test.context.support.DirtiesContextTestExecutionListener, org.springframework.test.context.transaction.TransactionalTestExecutionListener, org.springframework.test.context.jdbc.SqlScriptsTestExecutionListener, org.springframework.test.context.event.EventPublishingTestExecutionListener]
2021-04-14 09:26:44.182  INFO   --- [           main] .b.t.c.SpringBootTestContextBootstrapper : Using TestExecutionListeners: [org.springframework.test.context.web.ServletTestExecutionListener@1d131e1b, org.springframework.test.context.support.DirtiesContextBeforeModesTestExecutionListener@71cf1b07, org.springframework.test.context.event.ApplicationEventsTestExecutionListener@615091b8, org.springframework.boot.test.mock.mockito.MockitoTestExecutionListener@4fce136b, org.springframework.boot.test.autoconfigure.SpringBootDependencyInjectionTestExecutionListener@4aa83f4f, org.springframework.test.context.support.DirtiesContextTestExecutionListener@43b6123e, org.springframework.test.context.event.EventPublishingTestExecutionListener@260e86a1, org.springframework.boot.test.mock.mockito.ResetMocksTestExecutionListener@19648c40, org.springframework.boot.test.autoconfigure.restdocs.RestDocsTestExecutionListener@12bd8a64, org.springframework.boot.test.autoconfigure.web.client.MockRestServiceServerResetTestExecutionListener@61e94def, org.springframework.boot.test.autoconfigure.web.servlet.MockMvcPrintOnlyOnFailureTestExecutionListener@3300f4fd, org.springframework.boot.test.autoconfigure.web.servlet.WebDriverTestExecutionListener@ebb6851, org.springframework.boot.test.autoconfigure.webservices.client.MockWebServiceServerTestExecutionListener@70ab2d48]
2021-04-14 09:26:44.829  INFO 16428 --- [           main] d.h.s.m.MicroserviceApplicationTests     : Starting MicroserviceApplicationTests using Java 16 on itnb2030 with PID 16428 (started by msonntag in C:\Users\msonntag\eclipse-workspace-spring-boot\microservice)
2021-04-14 09:26:44.834  INFO 16428 --- [           main] d.h.s.m.MicroserviceApplicationTests     : No active profile set, falling back to default profiles: default
2021-04-14 09:26:47.243  INFO 16428 --- [           main] o.s.s.concurrent.ThreadPoolTaskExecutor  : Initializing ExecutorService 'applicationTaskExecutor'
2021-04-14 09:26:47.862  INFO 16428 --- [           main] d.h.s.m.MicroserviceApplicationTests     : Started MicroserviceApplicationTests in 3.559 seconds (JVM running for 6.185)
2021-04-14 09:26:48.866  INFO 16428 --- [extShutdownHook] o.s.s.concurrent.ThreadPoolTaskExecutor  : Shutting down ExecutorService 'applicationTaskExecutor'
2021-04-14 09:26:54.888  INFO 2036 --- [           main] d.h.s.m.MicroserviceApplication          : Starting MicroserviceApplication v0.0.1-SNAPSHOT using Java 16 on itnb2030 with PID 2036 (C:\Users\msonntag\eclipse-workspace-spring-boot\microservice\target\microservice-0.0.1-SNAPSHOT.jar started by msonntag in C:\Users\msonntag\eclipse-workspace-spring-boot\microservice)
2021-04-14 09:26:54.895  INFO 2036 --- [           main] d.h.s.m.MicroserviceApplication          : No active profile set, falling back to default profiles: default
2021-04-14 09:26:57.980  INFO 2036 --- [           main] o.s.b.w.embedded.tomcat.TomcatWebServer  : Tomcat initialized with port(s): 8080 (http)
2021-04-14 09:26:58.000  INFO 2036 --- [           main] o.apache.catalina.core.StandardService   : Starting service [Tomcat]
2021-04-14 09:26:58.002  INFO 2036 --- [           main] org.apache.catalina.core.StandardEngine  : Starting Servlet engine: [Apache Tomcat/9.0.44]
2021-04-14 09:26:58.192  INFO 2036 --- [           main] o.a.c.c.C.[Tomcat].[localhost].[/]       : Initializing Spring embedded WebApplicationContext
2021-04-14 09:26:58.193  INFO 2036 --- [           main] w.s.c.ServletWebServerApplicationContext : Root WebApplicationContext: initialization completed in 3134 ms
2021-04-14 09:26:58.996  INFO 2036 --- [           main] o.s.s.concurrent.ThreadPoolTaskExecutor  : Initializing ExecutorService 'applicationTaskExecutor'
2021-04-14 09:26:59.568  INFO 2036 --- [           main] o.s.b.w.embedded.tomcat.TomcatWebServer  : Tomcat started on port(s): 8080 (http) with context path ''
2021-04-14 09:26:59.610  INFO 2036 --- [           main] d.h.s.m.MicroserviceApplication          : Started MicroserviceApplication in 5.812 seconds (JVM running for 7.452)
2021-04-14 09:27:17.459  INFO 2036 --- [nio-8080-exec-1] o.a.c.c.C.[Tomcat].[localhost].[/]       : Initializing Spring DispatcherServlet 'dispatcherServlet'
2021-04-14 09:27:17.461  INFO 2036 --- [nio-8080-exec-1] o.s.web.servlet.DispatcherServlet        : Initializing Servlet 'dispatcherServlet'
2021-04-14 09:27:17.465  INFO 2036 --- [nio-8080-exec-1] o.s.web.servlet.DispatcherServlet        : Completed initialization in 1 ms
2021-04-14 09:27:17.550  INFO 2036 --- [nio-8080-exec-1] d.h.s.m.c.ProductServiceController       : Delete called
2021-04-14 12:03:01.720  INFO 2036 --- [extShutdownHook] o.s.s.concurrent.ThreadPoolTaskExecutor  : Shutting down ExecutorService 'applicationTaskExecutor'
